before click on login button
Clicked on login button
select dropdown option
dropdown option selected
click on login button
verify successfull login
before click on login button
Clicked on login button
select dropdown option
dropdown option selected
click on login button
verify successfull login
before click on login button
Clicked on login button
select dropdown option
dropdown option selected
click on login button
verify successfull login
before click on login button
Clicked on login button
select dropdown option
dropdown option selected
click on login button
verify successfull login
before click on login button
Clicked on login button
select dropdown option
dropdown option selected
click on login button
verify successfull login
before click on login button
Clicked on login button
select dropdown option
dropdown option selected
click on login button
verify successfull login
before click on login button
Clicked on login button
select dropdown option
dropdown option selected
click on login button
verify successfull login
before click on login button
Clicked on login button
select dropdown option
dropdown option selected
click on login button
verify successfull login
before click on login button
Clicked on login button
select dropdown option
dropdown option selected
click on login button
verify successfull login
Couldn't find template in cache for "spark/spark.spa.ftl"("en_US", UTF-8, parsed); will try to load it.
TemplateLoader.findTemplateSource("spark/spark.spa_en_US.ftl"): Not found
TemplateLoader.findTemplateSource("spark/spark.spa_en.ftl"): Not found
TemplateLoader.findTemplateSource("spark/spark.spa.ftl"): Found
Loading template for "spark/spark.spa.ftl"("en_US", UTF-8, parsed) from "jar:file:/C:/Users/Administrator/.m2/repository/com/aventstack/extentreports/5.0.9/extentreports-5.0.9.jar!/com/aventstack/extentreports/templates/spark/spark.spa.ftl"
Couldn't find template in cache for "commons/commons-variables.ftl"("en_US", UTF-8, parsed); will try to load it.
TemplateLoader.findTemplateSource("commons/commons-variables_en_US.ftl"): Not found
TemplateLoader.findTemplateSource("commons/commons-variables_en.ftl"): Not found
TemplateLoader.findTemplateSource("commons/commons-variables.ftl"): Found
Loading template for "commons/commons-variables.ftl"("en_US", UTF-8, parsed) from "jar:file:/C:/Users/Administrator/.m2/repository/com/aventstack/extentreports/5.0.9/extentreports-5.0.9.jar!/com/aventstack/extentreports/templates/commons/commons-variables.ftl"
Couldn't find template in cache for "commons/commons-macros.ftl"("en_US", UTF-8, parsed); will try to load it.
TemplateLoader.findTemplateSource("commons/commons-macros_en_US.ftl"): Not found
TemplateLoader.findTemplateSource("commons/commons-macros_en.ftl"): Not found
TemplateLoader.findTemplateSource("commons/commons-macros.ftl"): Found
Loading template for "commons/commons-macros.ftl"("en_US", UTF-8, parsed) from "jar:file:/C:/Users/Administrator/.m2/repository/com/aventstack/extentreports/5.0.9/extentreports-5.0.9.jar!/com/aventstack/extentreports/templates/commons/commons-macros.ftl"
Couldn't find template in cache for "spark/macros/attributes.ftl"("en_US", UTF-8, parsed); will try to load it.
TemplateLoader.findTemplateSource("spark/macros/attributes_en_US.ftl"): Not found
TemplateLoader.findTemplateSource("spark/macros/attributes_en.ftl"): Not found
TemplateLoader.findTemplateSource("spark/macros/attributes.ftl"): Found
Loading template for "spark/macros/attributes.ftl"("en_US", UTF-8, parsed) from "jar:file:/C:/Users/Administrator/.m2/repository/com/aventstack/extentreports/5.0.9/extentreports-5.0.9.jar!/com/aventstack/extentreports/templates/spark/macros/attributes.ftl"
Couldn't find template in cache for "spark/macros/log.ftl"("en_US", UTF-8, parsed); will try to load it.
TemplateLoader.findTemplateSource("spark/macros/log_en_US.ftl"): Not found
TemplateLoader.findTemplateSource("spark/macros/log_en.ftl"): Not found
TemplateLoader.findTemplateSource("spark/macros/log.ftl"): Found
Loading template for "spark/macros/log.ftl"("en_US", UTF-8, parsed) from "jar:file:/C:/Users/Administrator/.m2/repository/com/aventstack/extentreports/5.0.9/extentreports-5.0.9.jar!/com/aventstack/extentreports/templates/spark/macros/log.ftl"
Couldn't find template in cache for "spark/macros/recurse_nodes.ftl"("en_US", UTF-8, parsed); will try to load it.
TemplateLoader.findTemplateSource("spark/macros/recurse_nodes_en_US.ftl"): Not found
TemplateLoader.findTemplateSource("spark/macros/recurse_nodes_en.ftl"): Not found
TemplateLoader.findTemplateSource("spark/macros/recurse_nodes.ftl"): Found
Loading template for "spark/macros/recurse_nodes.ftl"("en_US", UTF-8, parsed) from "jar:file:/C:/Users/Administrator/.m2/repository/com/aventstack/extentreports/5.0.9/extentreports-5.0.9.jar!/com/aventstack/extentreports/templates/spark/macros/recurse_nodes.ftl"
"spark/macros/log.ftl"("en_US", UTF-8, parsed) cached copy not yet stale; using cached.
Couldn't find template in cache for "spark/macros/attr-common.ftl"("en_US", UTF-8, parsed); will try to load it.
TemplateLoader.findTemplateSource("spark/macros/attr-common_en_US.ftl"): Not found
TemplateLoader.findTemplateSource("spark/macros/attr-common_en.ftl"): Not found
TemplateLoader.findTemplateSource("spark/macros/attr-common.ftl"): Found
Loading template for "spark/macros/attr-common.ftl"("en_US", UTF-8, parsed) from "jar:file:/C:/Users/Administrator/.m2/repository/com/aventstack/extentreports/5.0.9/extentreports-5.0.9.jar!/com/aventstack/extentreports/templates/spark/macros/attr-common.ftl"
Couldn't find template in cache for "spark/partials/head.ftl"("en_US", UTF-8, parsed); will try to load it.
TemplateLoader.findTemplateSource("spark/partials/head_en_US.ftl"): Not found
TemplateLoader.findTemplateSource("spark/partials/head_en.ftl"): Not found
TemplateLoader.findTemplateSource("spark/partials/head.ftl"): Found
Loading template for "spark/partials/head.ftl"("en_US", UTF-8, parsed) from "jar:file:/C:/Users/Administrator/.m2/repository/com/aventstack/extentreports/5.0.9/extentreports-5.0.9.jar!/com/aventstack/extentreports/templates/spark/partials/head.ftl"
Couldn't find template in cache for "commons/commons-inject-css.ftl"("en_US", UTF-8, parsed); will try to load it.
TemplateLoader.findTemplateSource("commons/commons-inject-css_en_US.ftl"): Not found
TemplateLoader.findTemplateSource("commons/commons-inject-css_en.ftl"): Not found
TemplateLoader.findTemplateSource("commons/commons-inject-css.ftl"): Found
Loading template for "commons/commons-inject-css.ftl"("en_US", UTF-8, parsed) from "jar:file:/C:/Users/Administrator/.m2/repository/com/aventstack/extentreports/5.0.9/extentreports-5.0.9.jar!/com/aventstack/extentreports/templates/commons/commons-inject-css.ftl"
Couldn't find template in cache for "spark/partials/navbar.ftl"("en_US", UTF-8, parsed); will try to load it.
TemplateLoader.findTemplateSource("spark/partials/navbar_en_US.ftl"): Not found
TemplateLoader.findTemplateSource("spark/partials/navbar_en.ftl"): Not found
TemplateLoader.findTemplateSource("spark/partials/navbar.ftl"): Found
Loading template for "spark/partials/navbar.ftl"("en_US", UTF-8, parsed) from "jar:file:/C:/Users/Administrator/.m2/repository/com/aventstack/extentreports/5.0.9/extentreports-5.0.9.jar!/com/aventstack/extentreports/templates/spark/partials/navbar.ftl"
Couldn't find template in cache for "spark/partials/sidenav.ftl"("en_US", UTF-8, parsed); will try to load it.
TemplateLoader.findTemplateSource("spark/partials/sidenav_en_US.ftl"): Not found
TemplateLoader.findTemplateSource("spark/partials/sidenav_en.ftl"): Not found
TemplateLoader.findTemplateSource("spark/partials/sidenav.ftl"): Found
Loading template for "spark/partials/sidenav.ftl"("en_US", UTF-8, parsed) from "jar:file:/C:/Users/Administrator/.m2/repository/com/aventstack/extentreports/5.0.9/extentreports-5.0.9.jar!/com/aventstack/extentreports/templates/spark/partials/sidenav.ftl"
Couldn't find template in cache for "spark/partials/test.ftl"("en_US", UTF-8, parsed); will try to load it.
TemplateLoader.findTemplateSource("spark/partials/test_en_US.ftl"): Not found
TemplateLoader.findTemplateSource("spark/partials/test_en.ftl"): Not found
TemplateLoader.findTemplateSource("spark/partials/test.ftl"): Found
Loading template for "spark/partials/test.ftl"("en_US", UTF-8, parsed) from "jar:file:/C:/Users/Administrator/.m2/repository/com/aventstack/extentreports/5.0.9/extentreports-5.0.9.jar!/com/aventstack/extentreports/templates/spark/partials/test.ftl"
Couldn't find template in cache for "spark/partials/standard-content.ftl"("en_US", UTF-8, parsed); will try to load it.
TemplateLoader.findTemplateSource("spark/partials/standard-content_en_US.ftl"): Not found
TemplateLoader.findTemplateSource("spark/partials/standard-content_en.ftl"): Not found
TemplateLoader.findTemplateSource("spark/partials/standard-content.ftl"): Found
Loading template for "spark/partials/standard-content.ftl"("en_US", UTF-8, parsed) from "jar:file:/C:/Users/Administrator/.m2/repository/com/aventstack/extentreports/5.0.9/extentreports-5.0.9.jar!/com/aventstack/extentreports/templates/spark/partials/standard-content.ftl"
Couldn't find template in cache for "spark/partials/exception.ftl"("en_US", UTF-8, parsed); will try to load it.
TemplateLoader.findTemplateSource("spark/partials/exception_en_US.ftl"): Not found
TemplateLoader.findTemplateSource("spark/partials/exception_en.ftl"): Not found
TemplateLoader.findTemplateSource("spark/partials/exception.ftl"): Found
Loading template for "spark/partials/exception.ftl"("en_US", UTF-8, parsed) from "jar:file:/C:/Users/Administrator/.m2/repository/com/aventstack/extentreports/5.0.9/extentreports-5.0.9.jar!/com/aventstack/extentreports/templates/spark/partials/exception.ftl"
Couldn't find template in cache for "spark/partials/category.ftl"("en_US", UTF-8, parsed); will try to load it.
TemplateLoader.findTemplateSource("spark/partials/category_en_US.ftl"): Not found
TemplateLoader.findTemplateSource("spark/partials/category_en.ftl"): Not found
TemplateLoader.findTemplateSource("spark/partials/category.ftl"): Found
Loading template for "spark/partials/category.ftl"("en_US", UTF-8, parsed) from "jar:file:/C:/Users/Administrator/.m2/repository/com/aventstack/extentreports/5.0.9/extentreports-5.0.9.jar!/com/aventstack/extentreports/templates/spark/partials/category.ftl"
Couldn't find template in cache for "spark/partials/device.ftl"("en_US", UTF-8, parsed); will try to load it.
TemplateLoader.findTemplateSource("spark/partials/device_en_US.ftl"): Not found
TemplateLoader.findTemplateSource("spark/partials/device_en.ftl"): Not found
TemplateLoader.findTemplateSource("spark/partials/device.ftl"): Found
Loading template for "spark/partials/device.ftl"("en_US", UTF-8, parsed) from "jar:file:/C:/Users/Administrator/.m2/repository/com/aventstack/extentreports/5.0.9/extentreports-5.0.9.jar!/com/aventstack/extentreports/templates/spark/partials/device.ftl"
Couldn't find template in cache for "spark/partials/author.ftl"("en_US", UTF-8, parsed); will try to load it.
TemplateLoader.findTemplateSource("spark/partials/author_en_US.ftl"): Not found
TemplateLoader.findTemplateSource("spark/partials/author_en.ftl"): Not found
TemplateLoader.findTemplateSource("spark/partials/author.ftl"): Found
Loading template for "spark/partials/author.ftl"("en_US", UTF-8, parsed) from "jar:file:/C:/Users/Administrator/.m2/repository/com/aventstack/extentreports/5.0.9/extentreports-5.0.9.jar!/com/aventstack/extentreports/templates/spark/partials/author.ftl"
Couldn't find template in cache for "spark/partials/log.ftl"("en_US", UTF-8, parsed); will try to load it.
TemplateLoader.findTemplateSource("spark/partials/log_en_US.ftl"): Not found
TemplateLoader.findTemplateSource("spark/partials/log_en.ftl"): Not found
TemplateLoader.findTemplateSource("spark/partials/log.ftl"): Found
Loading template for "spark/partials/log.ftl"("en_US", UTF-8, parsed) from "jar:file:/C:/Users/Administrator/.m2/repository/com/aventstack/extentreports/5.0.9/extentreports-5.0.9.jar!/com/aventstack/extentreports/templates/spark/partials/log.ftl"
Couldn't find template in cache for "spark/partials/dashboard.ftl"("en_US", UTF-8, parsed); will try to load it.
TemplateLoader.findTemplateSource("spark/partials/dashboard_en_US.ftl"): Not found
TemplateLoader.findTemplateSource("spark/partials/dashboard_en.ftl"): Not found
TemplateLoader.findTemplateSource("spark/partials/dashboard.ftl"): Found
Loading template for "spark/partials/dashboard.ftl"("en_US", UTF-8, parsed) from "jar:file:/C:/Users/Administrator/.m2/repository/com/aventstack/extentreports/5.0.9/extentreports-5.0.9.jar!/com/aventstack/extentreports/templates/spark/partials/dashboard.ftl"
Couldn't find template in cache for "spark/partials/scripts.ftl"("en_US", UTF-8, parsed); will try to load it.
TemplateLoader.findTemplateSource("spark/partials/scripts_en_US.ftl"): Not found
TemplateLoader.findTemplateSource("spark/partials/scripts_en.ftl"): Not found
TemplateLoader.findTemplateSource("spark/partials/scripts.ftl"): Found
Loading template for "spark/partials/scripts.ftl"("en_US", UTF-8, parsed) from "jar:file:/C:/Users/Administrator/.m2/repository/com/aventstack/extentreports/5.0.9/extentreports-5.0.9.jar!/com/aventstack/extentreports/templates/spark/partials/scripts.ftl"
Couldn't find template in cache for "commons/commons-inject-js.ftl"("en_US", UTF-8, parsed); will try to load it.
TemplateLoader.findTemplateSource("commons/commons-inject-js_en_US.ftl"): Not found
TemplateLoader.findTemplateSource("commons/commons-inject-js_en.ftl"): Not found
TemplateLoader.findTemplateSource("commons/commons-inject-js.ftl"): Found
Loading template for "commons/commons-inject-js.ftl"("en_US", UTF-8, parsed) from "jar:file:/C:/Users/Administrator/.m2/repository/com/aventstack/extentreports/5.0.9/extentreports-5.0.9.jar!/com/aventstack/extentreports/templates/commons/commons-inject-js.ftl"
before click on login button
Clicked on login button
select dropdown option
dropdown option selected
click on login button
verify successfull login
Couldn't find template in cache for "spark/spark.spa.ftl"("en_US", UTF-8, parsed); will try to load it.
TemplateLoader.findTemplateSource("spark/spark.spa_en_US.ftl"): Not found
TemplateLoader.findTemplateSource("spark/spark.spa_en.ftl"): Not found
TemplateLoader.findTemplateSource("spark/spark.spa.ftl"): Found
Loading template for "spark/spark.spa.ftl"("en_US", UTF-8, parsed) from "jar:file:/C:/Users/Administrator/.m2/repository/com/aventstack/extentreports/5.0.9/extentreports-5.0.9.jar!/com/aventstack/extentreports/templates/spark/spark.spa.ftl"
Couldn't find template in cache for "commons/commons-variables.ftl"("en_US", UTF-8, parsed); will try to load it.
TemplateLoader.findTemplateSource("commons/commons-variables_en_US.ftl"): Not found
TemplateLoader.findTemplateSource("commons/commons-variables_en.ftl"): Not found
TemplateLoader.findTemplateSource("commons/commons-variables.ftl"): Found
Loading template for "commons/commons-variables.ftl"("en_US", UTF-8, parsed) from "jar:file:/C:/Users/Administrator/.m2/repository/com/aventstack/extentreports/5.0.9/extentreports-5.0.9.jar!/com/aventstack/extentreports/templates/commons/commons-variables.ftl"
Couldn't find template in cache for "commons/commons-macros.ftl"("en_US", UTF-8, parsed); will try to load it.
TemplateLoader.findTemplateSource("commons/commons-macros_en_US.ftl"): Not found
TemplateLoader.findTemplateSource("commons/commons-macros_en.ftl"): Not found
TemplateLoader.findTemplateSource("commons/commons-macros.ftl"): Found
Loading template for "commons/commons-macros.ftl"("en_US", UTF-8, parsed) from "jar:file:/C:/Users/Administrator/.m2/repository/com/aventstack/extentreports/5.0.9/extentreports-5.0.9.jar!/com/aventstack/extentreports/templates/commons/commons-macros.ftl"
Couldn't find template in cache for "spark/macros/attributes.ftl"("en_US", UTF-8, parsed); will try to load it.
TemplateLoader.findTemplateSource("spark/macros/attributes_en_US.ftl"): Not found
TemplateLoader.findTemplateSource("spark/macros/attributes_en.ftl"): Not found
TemplateLoader.findTemplateSource("spark/macros/attributes.ftl"): Found
Loading template for "spark/macros/attributes.ftl"("en_US", UTF-8, parsed) from "jar:file:/C:/Users/Administrator/.m2/repository/com/aventstack/extentreports/5.0.9/extentreports-5.0.9.jar!/com/aventstack/extentreports/templates/spark/macros/attributes.ftl"
Couldn't find template in cache for "spark/macros/log.ftl"("en_US", UTF-8, parsed); will try to load it.
TemplateLoader.findTemplateSource("spark/macros/log_en_US.ftl"): Not found
TemplateLoader.findTemplateSource("spark/macros/log_en.ftl"): Not found
TemplateLoader.findTemplateSource("spark/macros/log.ftl"): Found
Loading template for "spark/macros/log.ftl"("en_US", UTF-8, parsed) from "jar:file:/C:/Users/Administrator/.m2/repository/com/aventstack/extentreports/5.0.9/extentreports-5.0.9.jar!/com/aventstack/extentreports/templates/spark/macros/log.ftl"
Couldn't find template in cache for "spark/macros/recurse_nodes.ftl"("en_US", UTF-8, parsed); will try to load it.
TemplateLoader.findTemplateSource("spark/macros/recurse_nodes_en_US.ftl"): Not found
TemplateLoader.findTemplateSource("spark/macros/recurse_nodes_en.ftl"): Not found
TemplateLoader.findTemplateSource("spark/macros/recurse_nodes.ftl"): Found
Loading template for "spark/macros/recurse_nodes.ftl"("en_US", UTF-8, parsed) from "jar:file:/C:/Users/Administrator/.m2/repository/com/aventstack/extentreports/5.0.9/extentreports-5.0.9.jar!/com/aventstack/extentreports/templates/spark/macros/recurse_nodes.ftl"
"spark/macros/log.ftl"("en_US", UTF-8, parsed) cached copy not yet stale; using cached.
Couldn't find template in cache for "spark/macros/attr-common.ftl"("en_US", UTF-8, parsed); will try to load it.
TemplateLoader.findTemplateSource("spark/macros/attr-common_en_US.ftl"): Not found
TemplateLoader.findTemplateSource("spark/macros/attr-common_en.ftl"): Not found
TemplateLoader.findTemplateSource("spark/macros/attr-common.ftl"): Found
Loading template for "spark/macros/attr-common.ftl"("en_US", UTF-8, parsed) from "jar:file:/C:/Users/Administrator/.m2/repository/com/aventstack/extentreports/5.0.9/extentreports-5.0.9.jar!/com/aventstack/extentreports/templates/spark/macros/attr-common.ftl"
Couldn't find template in cache for "spark/partials/head.ftl"("en_US", UTF-8, parsed); will try to load it.
TemplateLoader.findTemplateSource("spark/partials/head_en_US.ftl"): Not found
TemplateLoader.findTemplateSource("spark/partials/head_en.ftl"): Not found
TemplateLoader.findTemplateSource("spark/partials/head.ftl"): Found
Loading template for "spark/partials/head.ftl"("en_US", UTF-8, parsed) from "jar:file:/C:/Users/Administrator/.m2/repository/com/aventstack/extentreports/5.0.9/extentreports-5.0.9.jar!/com/aventstack/extentreports/templates/spark/partials/head.ftl"
Couldn't find template in cache for "commons/commons-inject-css.ftl"("en_US", UTF-8, parsed); will try to load it.
TemplateLoader.findTemplateSource("commons/commons-inject-css_en_US.ftl"): Not found
TemplateLoader.findTemplateSource("commons/commons-inject-css_en.ftl"): Not found
TemplateLoader.findTemplateSource("commons/commons-inject-css.ftl"): Found
Loading template for "commons/commons-inject-css.ftl"("en_US", UTF-8, parsed) from "jar:file:/C:/Users/Administrator/.m2/repository/com/aventstack/extentreports/5.0.9/extentreports-5.0.9.jar!/com/aventstack/extentreports/templates/commons/commons-inject-css.ftl"
Couldn't find template in cache for "spark/partials/navbar.ftl"("en_US", UTF-8, parsed); will try to load it.
TemplateLoader.findTemplateSource("spark/partials/navbar_en_US.ftl"): Not found
TemplateLoader.findTemplateSource("spark/partials/navbar_en.ftl"): Not found
TemplateLoader.findTemplateSource("spark/partials/navbar.ftl"): Found
Loading template for "spark/partials/navbar.ftl"("en_US", UTF-8, parsed) from "jar:file:/C:/Users/Administrator/.m2/repository/com/aventstack/extentreports/5.0.9/extentreports-5.0.9.jar!/com/aventstack/extentreports/templates/spark/partials/navbar.ftl"
Couldn't find template in cache for "spark/partials/sidenav.ftl"("en_US", UTF-8, parsed); will try to load it.
TemplateLoader.findTemplateSource("spark/partials/sidenav_en_US.ftl"): Not found
TemplateLoader.findTemplateSource("spark/partials/sidenav_en.ftl"): Not found
TemplateLoader.findTemplateSource("spark/partials/sidenav.ftl"): Found
Loading template for "spark/partials/sidenav.ftl"("en_US", UTF-8, parsed) from "jar:file:/C:/Users/Administrator/.m2/repository/com/aventstack/extentreports/5.0.9/extentreports-5.0.9.jar!/com/aventstack/extentreports/templates/spark/partials/sidenav.ftl"
Couldn't find template in cache for "spark/partials/test.ftl"("en_US", UTF-8, parsed); will try to load it.
TemplateLoader.findTemplateSource("spark/partials/test_en_US.ftl"): Not found
TemplateLoader.findTemplateSource("spark/partials/test_en.ftl"): Not found
TemplateLoader.findTemplateSource("spark/partials/test.ftl"): Found
Loading template for "spark/partials/test.ftl"("en_US", UTF-8, parsed) from "jar:file:/C:/Users/Administrator/.m2/repository/com/aventstack/extentreports/5.0.9/extentreports-5.0.9.jar!/com/aventstack/extentreports/templates/spark/partials/test.ftl"
Couldn't find template in cache for "spark/partials/standard-content.ftl"("en_US", UTF-8, parsed); will try to load it.
TemplateLoader.findTemplateSource("spark/partials/standard-content_en_US.ftl"): Not found
TemplateLoader.findTemplateSource("spark/partials/standard-content_en.ftl"): Not found
TemplateLoader.findTemplateSource("spark/partials/standard-content.ftl"): Found
Loading template for "spark/partials/standard-content.ftl"("en_US", UTF-8, parsed) from "jar:file:/C:/Users/Administrator/.m2/repository/com/aventstack/extentreports/5.0.9/extentreports-5.0.9.jar!/com/aventstack/extentreports/templates/spark/partials/standard-content.ftl"
Couldn't find template in cache for "spark/partials/exception.ftl"("en_US", UTF-8, parsed); will try to load it.
TemplateLoader.findTemplateSource("spark/partials/exception_en_US.ftl"): Not found
TemplateLoader.findTemplateSource("spark/partials/exception_en.ftl"): Not found
TemplateLoader.findTemplateSource("spark/partials/exception.ftl"): Found
Loading template for "spark/partials/exception.ftl"("en_US", UTF-8, parsed) from "jar:file:/C:/Users/Administrator/.m2/repository/com/aventstack/extentreports/5.0.9/extentreports-5.0.9.jar!/com/aventstack/extentreports/templates/spark/partials/exception.ftl"
Couldn't find template in cache for "spark/partials/category.ftl"("en_US", UTF-8, parsed); will try to load it.
TemplateLoader.findTemplateSource("spark/partials/category_en_US.ftl"): Not found
TemplateLoader.findTemplateSource("spark/partials/category_en.ftl"): Not found
TemplateLoader.findTemplateSource("spark/partials/category.ftl"): Found
Loading template for "spark/partials/category.ftl"("en_US", UTF-8, parsed) from "jar:file:/C:/Users/Administrator/.m2/repository/com/aventstack/extentreports/5.0.9/extentreports-5.0.9.jar!/com/aventstack/extentreports/templates/spark/partials/category.ftl"
Couldn't find template in cache for "spark/partials/device.ftl"("en_US", UTF-8, parsed); will try to load it.
TemplateLoader.findTemplateSource("spark/partials/device_en_US.ftl"): Not found
TemplateLoader.findTemplateSource("spark/partials/device_en.ftl"): Not found
TemplateLoader.findTemplateSource("spark/partials/device.ftl"): Found
Loading template for "spark/partials/device.ftl"("en_US", UTF-8, parsed) from "jar:file:/C:/Users/Administrator/.m2/repository/com/aventstack/extentreports/5.0.9/extentreports-5.0.9.jar!/com/aventstack/extentreports/templates/spark/partials/device.ftl"
Couldn't find template in cache for "spark/partials/author.ftl"("en_US", UTF-8, parsed); will try to load it.
TemplateLoader.findTemplateSource("spark/partials/author_en_US.ftl"): Not found
TemplateLoader.findTemplateSource("spark/partials/author_en.ftl"): Not found
TemplateLoader.findTemplateSource("spark/partials/author.ftl"): Found
Loading template for "spark/partials/author.ftl"("en_US", UTF-8, parsed) from "jar:file:/C:/Users/Administrator/.m2/repository/com/aventstack/extentreports/5.0.9/extentreports-5.0.9.jar!/com/aventstack/extentreports/templates/spark/partials/author.ftl"
Couldn't find template in cache for "spark/partials/log.ftl"("en_US", UTF-8, parsed); will try to load it.
TemplateLoader.findTemplateSource("spark/partials/log_en_US.ftl"): Not found
TemplateLoader.findTemplateSource("spark/partials/log_en.ftl"): Not found
TemplateLoader.findTemplateSource("spark/partials/log.ftl"): Found
Loading template for "spark/partials/log.ftl"("en_US", UTF-8, parsed) from "jar:file:/C:/Users/Administrator/.m2/repository/com/aventstack/extentreports/5.0.9/extentreports-5.0.9.jar!/com/aventstack/extentreports/templates/spark/partials/log.ftl"
Couldn't find template in cache for "spark/partials/dashboard.ftl"("en_US", UTF-8, parsed); will try to load it.
TemplateLoader.findTemplateSource("spark/partials/dashboard_en_US.ftl"): Not found
TemplateLoader.findTemplateSource("spark/partials/dashboard_en.ftl"): Not found
TemplateLoader.findTemplateSource("spark/partials/dashboard.ftl"): Found
Loading template for "spark/partials/dashboard.ftl"("en_US", UTF-8, parsed) from "jar:file:/C:/Users/Administrator/.m2/repository/com/aventstack/extentreports/5.0.9/extentreports-5.0.9.jar!/com/aventstack/extentreports/templates/spark/partials/dashboard.ftl"
Couldn't find template in cache for "spark/partials/scripts.ftl"("en_US", UTF-8, parsed); will try to load it.
TemplateLoader.findTemplateSource("spark/partials/scripts_en_US.ftl"): Not found
TemplateLoader.findTemplateSource("spark/partials/scripts_en.ftl"): Not found
TemplateLoader.findTemplateSource("spark/partials/scripts.ftl"): Found
Loading template for "spark/partials/scripts.ftl"("en_US", UTF-8, parsed) from "jar:file:/C:/Users/Administrator/.m2/repository/com/aventstack/extentreports/5.0.9/extentreports-5.0.9.jar!/com/aventstack/extentreports/templates/spark/partials/scripts.ftl"
Couldn't find template in cache for "commons/commons-inject-js.ftl"("en_US", UTF-8, parsed); will try to load it.
TemplateLoader.findTemplateSource("commons/commons-inject-js_en_US.ftl"): Not found
TemplateLoader.findTemplateSource("commons/commons-inject-js_en.ftl"): Not found
TemplateLoader.findTemplateSource("commons/commons-inject-js.ftl"): Found
Loading template for "commons/commons-inject-js.ftl"("en_US", UTF-8, parsed) from "jar:file:/C:/Users/Administrator/.m2/repository/com/aventstack/extentreports/5.0.9/extentreports-5.0.9.jar!/com/aventstack/extentreports/templates/commons/commons-inject-js.ftl"
before click on login button
Clicked on login button
select dropdown option
dropdown option selected
click on login button
verify successfull login
Couldn't find template in cache for "spark/spark.spa.ftl"("en_US", UTF-8, parsed); will try to load it.
TemplateLoader.findTemplateSource("spark/spark.spa_en_US.ftl"): Not found
TemplateLoader.findTemplateSource("spark/spark.spa_en.ftl"): Not found
TemplateLoader.findTemplateSource("spark/spark.spa.ftl"): Found
Loading template for "spark/spark.spa.ftl"("en_US", UTF-8, parsed) from "jar:file:/C:/Users/Administrator/.m2/repository/com/aventstack/extentreports/5.0.9/extentreports-5.0.9.jar!/com/aventstack/extentreports/templates/spark/spark.spa.ftl"
Couldn't find template in cache for "commons/commons-variables.ftl"("en_US", UTF-8, parsed); will try to load it.
TemplateLoader.findTemplateSource("commons/commons-variables_en_US.ftl"): Not found
TemplateLoader.findTemplateSource("commons/commons-variables_en.ftl"): Not found
TemplateLoader.findTemplateSource("commons/commons-variables.ftl"): Found
Loading template for "commons/commons-variables.ftl"("en_US", UTF-8, parsed) from "jar:file:/C:/Users/Administrator/.m2/repository/com/aventstack/extentreports/5.0.9/extentreports-5.0.9.jar!/com/aventstack/extentreports/templates/commons/commons-variables.ftl"
Couldn't find template in cache for "commons/commons-macros.ftl"("en_US", UTF-8, parsed); will try to load it.
TemplateLoader.findTemplateSource("commons/commons-macros_en_US.ftl"): Not found
TemplateLoader.findTemplateSource("commons/commons-macros_en.ftl"): Not found
TemplateLoader.findTemplateSource("commons/commons-macros.ftl"): Found
Loading template for "commons/commons-macros.ftl"("en_US", UTF-8, parsed) from "jar:file:/C:/Users/Administrator/.m2/repository/com/aventstack/extentreports/5.0.9/extentreports-5.0.9.jar!/com/aventstack/extentreports/templates/commons/commons-macros.ftl"
Couldn't find template in cache for "spark/macros/attributes.ftl"("en_US", UTF-8, parsed); will try to load it.
TemplateLoader.findTemplateSource("spark/macros/attributes_en_US.ftl"): Not found
TemplateLoader.findTemplateSource("spark/macros/attributes_en.ftl"): Not found
TemplateLoader.findTemplateSource("spark/macros/attributes.ftl"): Found
Loading template for "spark/macros/attributes.ftl"("en_US", UTF-8, parsed) from "jar:file:/C:/Users/Administrator/.m2/repository/com/aventstack/extentreports/5.0.9/extentreports-5.0.9.jar!/com/aventstack/extentreports/templates/spark/macros/attributes.ftl"
Couldn't find template in cache for "spark/macros/log.ftl"("en_US", UTF-8, parsed); will try to load it.
TemplateLoader.findTemplateSource("spark/macros/log_en_US.ftl"): Not found
TemplateLoader.findTemplateSource("spark/macros/log_en.ftl"): Not found
TemplateLoader.findTemplateSource("spark/macros/log.ftl"): Found
Loading template for "spark/macros/log.ftl"("en_US", UTF-8, parsed) from "jar:file:/C:/Users/Administrator/.m2/repository/com/aventstack/extentreports/5.0.9/extentreports-5.0.9.jar!/com/aventstack/extentreports/templates/spark/macros/log.ftl"
Couldn't find template in cache for "spark/macros/recurse_nodes.ftl"("en_US", UTF-8, parsed); will try to load it.
TemplateLoader.findTemplateSource("spark/macros/recurse_nodes_en_US.ftl"): Not found
TemplateLoader.findTemplateSource("spark/macros/recurse_nodes_en.ftl"): Not found
TemplateLoader.findTemplateSource("spark/macros/recurse_nodes.ftl"): Found
Loading template for "spark/macros/recurse_nodes.ftl"("en_US", UTF-8, parsed) from "jar:file:/C:/Users/Administrator/.m2/repository/com/aventstack/extentreports/5.0.9/extentreports-5.0.9.jar!/com/aventstack/extentreports/templates/spark/macros/recurse_nodes.ftl"
"spark/macros/log.ftl"("en_US", UTF-8, parsed) cached copy not yet stale; using cached.
Couldn't find template in cache for "spark/macros/attr-common.ftl"("en_US", UTF-8, parsed); will try to load it.
TemplateLoader.findTemplateSource("spark/macros/attr-common_en_US.ftl"): Not found
TemplateLoader.findTemplateSource("spark/macros/attr-common_en.ftl"): Not found
TemplateLoader.findTemplateSource("spark/macros/attr-common.ftl"): Found
Loading template for "spark/macros/attr-common.ftl"("en_US", UTF-8, parsed) from "jar:file:/C:/Users/Administrator/.m2/repository/com/aventstack/extentreports/5.0.9/extentreports-5.0.9.jar!/com/aventstack/extentreports/templates/spark/macros/attr-common.ftl"
Couldn't find template in cache for "spark/partials/head.ftl"("en_US", UTF-8, parsed); will try to load it.
TemplateLoader.findTemplateSource("spark/partials/head_en_US.ftl"): Not found
TemplateLoader.findTemplateSource("spark/partials/head_en.ftl"): Not found
TemplateLoader.findTemplateSource("spark/partials/head.ftl"): Found
Loading template for "spark/partials/head.ftl"("en_US", UTF-8, parsed) from "jar:file:/C:/Users/Administrator/.m2/repository/com/aventstack/extentreports/5.0.9/extentreports-5.0.9.jar!/com/aventstack/extentreports/templates/spark/partials/head.ftl"
Couldn't find template in cache for "commons/commons-inject-css.ftl"("en_US", UTF-8, parsed); will try to load it.
TemplateLoader.findTemplateSource("commons/commons-inject-css_en_US.ftl"): Not found
TemplateLoader.findTemplateSource("commons/commons-inject-css_en.ftl"): Not found
TemplateLoader.findTemplateSource("commons/commons-inject-css.ftl"): Found
Loading template for "commons/commons-inject-css.ftl"("en_US", UTF-8, parsed) from "jar:file:/C:/Users/Administrator/.m2/repository/com/aventstack/extentreports/5.0.9/extentreports-5.0.9.jar!/com/aventstack/extentreports/templates/commons/commons-inject-css.ftl"
Couldn't find template in cache for "spark/partials/navbar.ftl"("en_US", UTF-8, parsed); will try to load it.
TemplateLoader.findTemplateSource("spark/partials/navbar_en_US.ftl"): Not found
TemplateLoader.findTemplateSource("spark/partials/navbar_en.ftl"): Not found
TemplateLoader.findTemplateSource("spark/partials/navbar.ftl"): Found
Loading template for "spark/partials/navbar.ftl"("en_US", UTF-8, parsed) from "jar:file:/C:/Users/Administrator/.m2/repository/com/aventstack/extentreports/5.0.9/extentreports-5.0.9.jar!/com/aventstack/extentreports/templates/spark/partials/navbar.ftl"
Couldn't find template in cache for "spark/partials/sidenav.ftl"("en_US", UTF-8, parsed); will try to load it.
TemplateLoader.findTemplateSource("spark/partials/sidenav_en_US.ftl"): Not found
TemplateLoader.findTemplateSource("spark/partials/sidenav_en.ftl"): Not found
TemplateLoader.findTemplateSource("spark/partials/sidenav.ftl"): Found
Loading template for "spark/partials/sidenav.ftl"("en_US", UTF-8, parsed) from "jar:file:/C:/Users/Administrator/.m2/repository/com/aventstack/extentreports/5.0.9/extentreports-5.0.9.jar!/com/aventstack/extentreports/templates/spark/partials/sidenav.ftl"
Couldn't find template in cache for "spark/partials/test.ftl"("en_US", UTF-8, parsed); will try to load it.
TemplateLoader.findTemplateSource("spark/partials/test_en_US.ftl"): Not found
TemplateLoader.findTemplateSource("spark/partials/test_en.ftl"): Not found
TemplateLoader.findTemplateSource("spark/partials/test.ftl"): Found
Loading template for "spark/partials/test.ftl"("en_US", UTF-8, parsed) from "jar:file:/C:/Users/Administrator/.m2/repository/com/aventstack/extentreports/5.0.9/extentreports-5.0.9.jar!/com/aventstack/extentreports/templates/spark/partials/test.ftl"
Couldn't find template in cache for "spark/partials/standard-content.ftl"("en_US", UTF-8, parsed); will try to load it.
TemplateLoader.findTemplateSource("spark/partials/standard-content_en_US.ftl"): Not found
TemplateLoader.findTemplateSource("spark/partials/standard-content_en.ftl"): Not found
TemplateLoader.findTemplateSource("spark/partials/standard-content.ftl"): Found
Loading template for "spark/partials/standard-content.ftl"("en_US", UTF-8, parsed) from "jar:file:/C:/Users/Administrator/.m2/repository/com/aventstack/extentreports/5.0.9/extentreports-5.0.9.jar!/com/aventstack/extentreports/templates/spark/partials/standard-content.ftl"
Couldn't find template in cache for "spark/partials/exception.ftl"("en_US", UTF-8, parsed); will try to load it.
TemplateLoader.findTemplateSource("spark/partials/exception_en_US.ftl"): Not found
TemplateLoader.findTemplateSource("spark/partials/exception_en.ftl"): Not found
TemplateLoader.findTemplateSource("spark/partials/exception.ftl"): Found
Loading template for "spark/partials/exception.ftl"("en_US", UTF-8, parsed) from "jar:file:/C:/Users/Administrator/.m2/repository/com/aventstack/extentreports/5.0.9/extentreports-5.0.9.jar!/com/aventstack/extentreports/templates/spark/partials/exception.ftl"
Couldn't find template in cache for "spark/partials/category.ftl"("en_US", UTF-8, parsed); will try to load it.
TemplateLoader.findTemplateSource("spark/partials/category_en_US.ftl"): Not found
TemplateLoader.findTemplateSource("spark/partials/category_en.ftl"): Not found
TemplateLoader.findTemplateSource("spark/partials/category.ftl"): Found
Loading template for "spark/partials/category.ftl"("en_US", UTF-8, parsed) from "jar:file:/C:/Users/Administrator/.m2/repository/com/aventstack/extentreports/5.0.9/extentreports-5.0.9.jar!/com/aventstack/extentreports/templates/spark/partials/category.ftl"
Couldn't find template in cache for "spark/partials/device.ftl"("en_US", UTF-8, parsed); will try to load it.
TemplateLoader.findTemplateSource("spark/partials/device_en_US.ftl"): Not found
TemplateLoader.findTemplateSource("spark/partials/device_en.ftl"): Not found
TemplateLoader.findTemplateSource("spark/partials/device.ftl"): Found
Loading template for "spark/partials/device.ftl"("en_US", UTF-8, parsed) from "jar:file:/C:/Users/Administrator/.m2/repository/com/aventstack/extentreports/5.0.9/extentreports-5.0.9.jar!/com/aventstack/extentreports/templates/spark/partials/device.ftl"
Couldn't find template in cache for "spark/partials/author.ftl"("en_US", UTF-8, parsed); will try to load it.
TemplateLoader.findTemplateSource("spark/partials/author_en_US.ftl"): Not found
TemplateLoader.findTemplateSource("spark/partials/author_en.ftl"): Not found
TemplateLoader.findTemplateSource("spark/partials/author.ftl"): Found
Loading template for "spark/partials/author.ftl"("en_US", UTF-8, parsed) from "jar:file:/C:/Users/Administrator/.m2/repository/com/aventstack/extentreports/5.0.9/extentreports-5.0.9.jar!/com/aventstack/extentreports/templates/spark/partials/author.ftl"
Couldn't find template in cache for "spark/partials/log.ftl"("en_US", UTF-8, parsed); will try to load it.
TemplateLoader.findTemplateSource("spark/partials/log_en_US.ftl"): Not found
TemplateLoader.findTemplateSource("spark/partials/log_en.ftl"): Not found
TemplateLoader.findTemplateSource("spark/partials/log.ftl"): Found
Loading template for "spark/partials/log.ftl"("en_US", UTF-8, parsed) from "jar:file:/C:/Users/Administrator/.m2/repository/com/aventstack/extentreports/5.0.9/extentreports-5.0.9.jar!/com/aventstack/extentreports/templates/spark/partials/log.ftl"
Couldn't find template in cache for "spark/partials/dashboard.ftl"("en_US", UTF-8, parsed); will try to load it.
TemplateLoader.findTemplateSource("spark/partials/dashboard_en_US.ftl"): Not found
TemplateLoader.findTemplateSource("spark/partials/dashboard_en.ftl"): Not found
TemplateLoader.findTemplateSource("spark/partials/dashboard.ftl"): Found
Loading template for "spark/partials/dashboard.ftl"("en_US", UTF-8, parsed) from "jar:file:/C:/Users/Administrator/.m2/repository/com/aventstack/extentreports/5.0.9/extentreports-5.0.9.jar!/com/aventstack/extentreports/templates/spark/partials/dashboard.ftl"
Couldn't find template in cache for "spark/partials/scripts.ftl"("en_US", UTF-8, parsed); will try to load it.
TemplateLoader.findTemplateSource("spark/partials/scripts_en_US.ftl"): Not found
TemplateLoader.findTemplateSource("spark/partials/scripts_en.ftl"): Not found
TemplateLoader.findTemplateSource("spark/partials/scripts.ftl"): Found
Loading template for "spark/partials/scripts.ftl"("en_US", UTF-8, parsed) from "jar:file:/C:/Users/Administrator/.m2/repository/com/aventstack/extentreports/5.0.9/extentreports-5.0.9.jar!/com/aventstack/extentreports/templates/spark/partials/scripts.ftl"
Couldn't find template in cache for "commons/commons-inject-js.ftl"("en_US", UTF-8, parsed); will try to load it.
TemplateLoader.findTemplateSource("commons/commons-inject-js_en_US.ftl"): Not found
TemplateLoader.findTemplateSource("commons/commons-inject-js_en.ftl"): Not found
TemplateLoader.findTemplateSource("commons/commons-inject-js.ftl"): Found
Loading template for "commons/commons-inject-js.ftl"("en_US", UTF-8, parsed) from "jar:file:/C:/Users/Administrator/.m2/repository/com/aventstack/extentreports/5.0.9/extentreports-5.0.9.jar!/com/aventstack/extentreports/templates/commons/commons-inject-js.ftl"
